2020-12-01 22:51:01,234 TournamentScraper 2020 the-rsm-classic INFO:	Initializing New Driver...
2020-12-01 22:53:27,344 TournamentScraper 2020 the-rsm-classic INFO:	
Running Scrape for 2020 the-rsm-classic

2020-12-01 22:53:27,392 TournamentScraper 2020 the-rsm-classic INFO:	Tournament ID is 493
2020-12-01 22:53:32,235 TournamentScraper 2020 the-rsm-classic INFO:	Scraping row 0, player ID 45609
2020-12-01 22:53:37,777 TournamentScraper 2020 the-rsm-classic INFO:	Getting data for round 1
2020-12-01 22:53:38,859 TournamentScraper 2020 the-rsm-classic INFO:	Getting data for round 2
2020-12-01 22:53:40,864 TournamentScraper 2020 the-rsm-classic INFO:	Getting data for round 3
2020-12-01 22:53:44,419 TournamentScraper 2020 the-rsm-classic INFO:	Getting data for round 4
2020-12-01 22:53:51,115 TournamentScraper 2020 the-rsm-classic INFO:	Scraping row 1, player ID 29221
2020-12-01 22:53:53,506 TournamentScraper 2020 the-rsm-classic INFO:	Getting data for round 1
2020-12-01 22:53:54,812 TournamentScraper 2020 the-rsm-classic INFO:	Getting data for round 2
2020-12-01 22:53:56,182 TournamentScraper 2020 the-rsm-classic INFO:	Getting data for round 3
2020-12-01 22:53:57,254 TournamentScraper 2020 the-rsm-classic INFO:	Getting data for round 4
2020-12-01 22:53:58,844 TournamentScraper 2020 the-rsm-classic INFO:	Scraping row 2, player ID 48822
2020-12-01 22:54:00,732 TournamentScraper 2020 the-rsm-classic INFO:	Getting data for round 1
2020-12-01 22:54:01,456 TournamentScraper 2020 the-rsm-classic INFO:	Getting data for round 2
2020-12-01 22:54:02,380 TournamentScraper 2020 the-rsm-classic INFO:	Getting data for round 3
2020-12-01 22:54:02,404 TournamentScraper 2020 the-rsm-classic INFO:	Getting data for round 4
2020-12-01 22:54:03,371 TournamentScraper 2020 the-rsm-classic INFO:	Scraping row 3, player ID 30927
2020-12-01 22:54:05,377 TournamentScraper 2020 the-rsm-classic INFO:	Getting data for round 1
2020-12-01 22:54:06,358 TournamentScraper 2020 the-rsm-classic INFO:	Getting data for round 2
2020-12-01 22:54:07,320 TournamentScraper 2020 the-rsm-classic INFO:	Getting data for round 3
2020-12-01 22:54:08,236 TournamentScraper 2020 the-rsm-classic INFO:	Getting data for round 4
2020-12-01 22:54:09,387 TournamentScraper 2020 the-rsm-classic INFO:	Scraping row 4, player ID 30163
2020-12-01 22:54:10,849 TournamentScraper 2020 the-rsm-classic INFO:	Getting data for round 1
2020-12-01 22:54:11,684 TournamentScraper 2020 the-rsm-classic INFO:	Getting data for round 2
2020-12-01 22:54:12,874 TournamentScraper 2020 the-rsm-classic INFO:	Getting data for round 3
2020-12-01 22:54:13,695 TournamentScraper 2020 the-rsm-classic INFO:	Getting data for round 4
2020-12-01 22:54:14,832 TournamentScraper 2020 the-rsm-classic INFO:	Scraping row 5, player ID 46046
2020-12-01 22:54:16,991 TournamentScraper 2020 the-rsm-classic INFO:	Getting data for round 1
2020-12-01 22:54:17,859 TournamentScraper 2020 the-rsm-classic INFO:	Getting data for round 2
2020-12-01 22:54:18,436 TournamentScraper 2020 the-rsm-classic INFO:	Getting data for round 3
2020-12-01 22:54:19,327 TournamentScraper 2020 the-rsm-classic INFO:	Getting data for round 4
2020-12-01 22:54:20,140 TournamentScraper 2020 the-rsm-classic INFO:	Only scraped data for 17.95% of players in tournament 2020 the-rsm-classic
