2020-12-01 22:47:40,230 TournamentScraper 2020 shriners-hospitals-for-children-open INFO:	Initializing New Driver...
2020-12-01 22:50:15,570 TournamentScraper 2020 shriners-hospitals-for-children-open INFO:	
Running Scrape for 2020 shriners-hospitals-for-children-open

2020-12-01 22:50:15,607 TournamentScraper 2020 shriners-hospitals-for-children-open INFO:	Tournament ID is 047
2020-12-01 22:50:19,893 TournamentScraper 2020 shriners-hospitals-for-children-open INFO:	Scraping row 0, player ID 25396
2020-12-01 22:50:24,193 TournamentScraper 2020 shriners-hospitals-for-children-open INFO:	Getting data for round 1
2020-12-01 22:50:25,582 TournamentScraper 2020 shriners-hospitals-for-children-open INFO:	Getting data for round 2
2020-12-01 22:50:26,716 TournamentScraper 2020 shriners-hospitals-for-children-open INFO:	Getting data for round 3
2020-12-01 22:50:27,614 TournamentScraper 2020 shriners-hospitals-for-children-open INFO:	Getting data for round 4
2020-12-01 22:50:28,918 TournamentScraper 2020 shriners-hospitals-for-children-open INFO:	Scraping row 1, player ID 35450
2020-12-01 22:50:30,628 TournamentScraper 2020 shriners-hospitals-for-children-open INFO:	Getting data for round 1
2020-12-01 22:50:31,364 TournamentScraper 2020 shriners-hospitals-for-children-open INFO:	Getting data for round 2
2020-12-01 22:50:33,037 TournamentScraper 2020 shriners-hospitals-for-children-open INFO:	Getting data for round 3
2020-12-01 22:50:34,502 TournamentScraper 2020 shriners-hospitals-for-children-open INFO:	Getting data for round 4
2020-12-01 22:50:35,459 TournamentScraper 2020 shriners-hospitals-for-children-open INFO:	Scraping row 2, player ID 24361
2020-12-01 22:50:40,744 TournamentScraper 2020 shriners-hospitals-for-children-open INFO:	Getting data for round 1
2020-12-01 22:50:41,781 TournamentScraper 2020 shriners-hospitals-for-children-open INFO:	Getting data for round 2
2020-12-01 22:50:42,680 TournamentScraper 2020 shriners-hospitals-for-children-open INFO:	Getting data for round 3
2020-12-01 22:50:43,384 TournamentScraper 2020 shriners-hospitals-for-children-open INFO:	Getting data for round 4
2020-12-01 22:50:44,723 TournamentScraper 2020 shriners-hospitals-for-children-open INFO:	Scraping row 3, player ID 47959
2020-12-01 22:50:46,705 TournamentScraper 2020 shriners-hospitals-for-children-open INFO:	Getting data for round 1
2020-12-01 22:50:46,737 TournamentScraper 2020 shriners-hospitals-for-children-open INFO:	Getting data for round 2
2020-12-01 22:50:46,758 TournamentScraper 2020 shriners-hospitals-for-children-open INFO:	Getting data for round 3
2020-12-01 22:50:47,453 TournamentScraper 2020 shriners-hospitals-for-children-open INFO:	Getting data for round 4
2020-12-01 22:50:48,774 TournamentScraper 2020 shriners-hospitals-for-children-open INFO:	Scraping row 4, player ID 33399
2020-12-01 22:50:50,777 TournamentScraper 2020 shriners-hospitals-for-children-open INFO:	Getting data for round 1
2020-12-01 22:50:51,816 TournamentScraper 2020 shriners-hospitals-for-children-open INFO:	Getting data for round 2
2020-12-01 22:50:52,459 TournamentScraper 2020 shriners-hospitals-for-children-open INFO:	Getting data for round 3
2020-12-01 22:50:53,068 TournamentScraper 2020 shriners-hospitals-for-children-open INFO:	Getting data for round 4
2020-12-01 22:50:54,543 TournamentScraper 2020 shriners-hospitals-for-children-open INFO:	Scraping row 5, player ID 31560
2020-12-01 22:50:57,810 TournamentScraper 2020 shriners-hospitals-for-children-open INFO:	Getting data for round 1
2020-12-01 22:50:58,782 TournamentScraper 2020 shriners-hospitals-for-children-open INFO:	Getting data for round 2
2020-12-01 22:50:59,540 TournamentScraper 2020 shriners-hospitals-for-children-open INFO:	Getting data for round 3
2020-12-01 22:50:59,553 TournamentScraper 2020 shriners-hospitals-for-children-open INFO:	Getting data for round 4
2020-12-01 22:51:01,108 TournamentScraper 2020 shriners-hospitals-for-children-open INFO:	Only scraped data for 13.89% of players in tournament 2020 shriners-hospitals-for-children-open
