2020-12-03 15:44:37,520 TournamentScraper 2019 shriners-hospitals-for-children-open INFO:	
Running Scrape for 2019 shriners-hospitals-for-children-open
URL is https://www.pgatour.com/competition/2019/shriners-hospitals-for-children-open/leaderboard.html

2020-12-03 15:45:39,461 TournamentScraper 2019 shriners-hospitals-for-children-open INFO:	Tournament ID is 047
2020-12-03 15:45:59,696 WebDriver 2019 shriners-hospitals-for-children-open ERROR:	Error making request https://statdata.pgatour.com/r/047/course.json
Message: Timed out after 20s waiting for request https://statdata.pgatour.com/r/047/course.json

2020-12-03 15:45:59,697 TournamentScraper 2019 shriners-hospitals-for-children-open ERROR:	Error scraping course general data
Traceback (most recent call last):
  File "C:\Users\Scott\PycharmProjects\albatross\DataScraping\TournamentScraper.py", line 254, in runScrape
    self.__scrapeCourseGeneral()
  File "C:\Users\Scott\PycharmProjects\albatross\DataScraping\TournamentScraper.py", line 122, in __scrapeCourseGeneral
    raise RuntimeError('Error scraping course general data')
RuntimeError: Error scraping course general data
2020-12-03 15:46:02,180 TournamentScraper 2019 shriners-hospitals-for-children-open INFO:	Scraping row 0, player ID 47959
2020-12-03 15:46:05,107 TournamentScraper 2019 shriners-hospitals-for-children-open INFO:	Getting data for round 1, player ID 47959
2020-12-03 15:46:05,974 TournamentScraper 2019 shriners-hospitals-for-children-open INFO:	Getting data for round 2, player ID 47959
2020-12-03 15:46:06,467 TournamentScraper 2019 shriners-hospitals-for-children-open INFO:	Getting data for round 3, player ID 47959
2020-12-03 15:46:07,019 TournamentScraper 2019 shriners-hospitals-for-children-open INFO:	Getting data for round 4, player ID 47959
2020-12-03 15:46:08,031 TournamentScraper 2019 shriners-hospitals-for-children-open INFO:	Scraping row 1, player ID 35450
2020-12-03 15:46:09,181 TournamentScraper 2019 shriners-hospitals-for-children-open INFO:	Getting data for round 1, player ID 35450
2020-12-03 15:46:09,199 TournamentScraper 2019 shriners-hospitals-for-children-open INFO:	Getting data for round 2, player ID 35450
2020-12-03 15:46:09,223 TournamentScraper 2019 shriners-hospitals-for-children-open INFO:	Getting data for round 3, player ID 35450
2020-12-03 15:46:11,376 TournamentScraper 2019 shriners-hospitals-for-children-open INFO:	Getting data for round 4, player ID 35450
2020-12-03 15:46:12,683 TournamentScraper 2019 shriners-hospitals-for-children-open INFO:	Only scraped data for 8.33% of players in tournament 2019 shriners-hospitals-for-children-open
