2020-12-01 22:47:40,229 TournamentScraper 2021 shriners-hospitals-for-children-open INFO:	Initializing New Driver...
2020-12-01 22:50:22,699 TournamentScraper 2021 shriners-hospitals-for-children-open INFO:	
Running Scrape for 2021 shriners-hospitals-for-children-open

2020-12-01 22:50:22,779 TournamentScraper 2021 shriners-hospitals-for-children-open ERROR:	Error getting tournament ID from https://statdata.pgatour.com/r/\d+; Trying xpath method
Expecting value: line 1 column 1 (char 0)
Traceback (most recent call last):
  File "C:\Users\Scott\PycharmProjects\albatross\DataScraping\TournamentScraper.py", line 219, in runScrape
    self.tournament_id = findKeyInJSON(self.__wireRequestToJSON(request_str), 'tid')
  File "C:\Users\Scott\PycharmProjects\albatross\DataScraping\TournamentScraper.py", line 88, in __wireRequestToJSON
    return json.loads(request.response.body.decode('utf-8'))
  File "C:\Users\Scott\Anaconda3\lib\json\__init__.py", line 348, in loads
    return _default_decoder.decode(s)
  File "C:\Users\Scott\Anaconda3\lib\json\decoder.py", line 337, in decode
    obj, end = self.raw_decode(s, idx=_w(s, 0).end())
  File "C:\Users\Scott\Anaconda3\lib\json\decoder.py", line 355, in raw_decode
    raise JSONDecodeError("Expecting value", s, err.value) from None
json.decoder.JSONDecodeError: Expecting value: line 1 column 1 (char 0)
2020-12-01 22:50:22,886 TournamentScraper 2021 shriners-hospitals-for-children-open INFO:	Tournament ID is 047
2020-12-01 22:50:27,240 TournamentScraper 2021 shriners-hospitals-for-children-open INFO:	Scraping row 0, player ID 27936
2020-12-01 22:50:29,312 TournamentScraper 2021 shriners-hospitals-for-children-open INFO:	Getting data for round 1
2020-12-01 22:50:30,311 TournamentScraper 2021 shriners-hospitals-for-children-open INFO:	Getting data for round 2
2020-12-01 22:50:31,208 TournamentScraper 2021 shriners-hospitals-for-children-open INFO:	Getting data for round 3
2020-12-01 22:50:32,122 TournamentScraper 2021 shriners-hospitals-for-children-open INFO:	Getting data for round 4
2020-12-01 22:50:33,945 TournamentScraper 2021 shriners-hospitals-for-children-open INFO:	Scraping row 1, player ID 46435
2020-12-01 22:50:35,754 TournamentScraper 2021 shriners-hospitals-for-children-open INFO:	Getting data for round 1
2020-12-01 22:50:36,752 TournamentScraper 2021 shriners-hospitals-for-children-open INFO:	Getting data for round 2
2020-12-01 22:50:37,491 TournamentScraper 2021 shriners-hospitals-for-children-open INFO:	Getting data for round 3
2020-12-01 22:50:38,225 TournamentScraper 2021 shriners-hospitals-for-children-open INFO:	Getting data for round 4
2020-12-01 22:50:40,362 TournamentScraper 2021 shriners-hospitals-for-children-open INFO:	Scraping row 2, player ID 56278
2020-12-01 22:50:42,367 TournamentScraper 2021 shriners-hospitals-for-children-open INFO:	Getting data for round 1
2020-12-01 22:50:43,358 TournamentScraper 2021 shriners-hospitals-for-children-open INFO:	Getting data for round 2
2020-12-01 22:50:44,105 TournamentScraper 2021 shriners-hospitals-for-children-open INFO:	Getting data for round 3
2020-12-01 22:50:47,749 TournamentScraper 2021 shriners-hospitals-for-children-open INFO:	Getting data for round 4
2020-12-01 22:50:49,584 TournamentScraper 2021 shriners-hospitals-for-children-open INFO:	Scraping row 3, player ID 45526
2020-12-01 22:50:51,354 TournamentScraper 2021 shriners-hospitals-for-children-open INFO:	Getting data for round 1
2020-12-01 22:50:52,362 TournamentScraper 2021 shriners-hospitals-for-children-open INFO:	Getting data for round 2
2020-12-01 22:50:53,148 TournamentScraper 2021 shriners-hospitals-for-children-open INFO:	Getting data for round 3
2020-12-01 22:50:54,020 TournamentScraper 2021 shriners-hospitals-for-children-open INFO:	Getting data for round 4
2020-12-01 22:50:56,736 TournamentScraper 2021 shriners-hospitals-for-children-open INFO:	Scraping row 4, player ID 34466
2020-12-01 22:50:58,328 TournamentScraper 2021 shriners-hospitals-for-children-open INFO:	Getting data for round 1
2020-12-01 22:50:59,095 TournamentScraper 2021 shriners-hospitals-for-children-open INFO:	Getting data for round 2
2020-12-01 22:51:00,287 TournamentScraper 2021 shriners-hospitals-for-children-open INFO:	Getting data for round 3
2020-12-01 22:51:05,182 TournamentScraper 2021 shriners-hospitals-for-children-open INFO:	Getting data for round 4
2020-12-01 22:51:08,406 TournamentScraper 2021 shriners-hospitals-for-children-open INFO:	Scraping row 5, player ID 32448
2020-12-01 22:51:13,380 TournamentScraper 2021 shriners-hospitals-for-children-open INFO:	Getting data for round 1
2020-12-01 22:51:22,454 TournamentScraper 2021 shriners-hospitals-for-children-open INFO:	Getting data for round 2
2020-12-01 22:51:27,074 TournamentScraper 2021 shriners-hospitals-for-children-open INFO:	Getting data for round 3
2020-12-01 22:51:35,311 TournamentScraper 2021 shriners-hospitals-for-children-open INFO:	Getting data for round 4
2020-12-01 22:51:36,190 TournamentScraper 2021 shriners-hospitals-for-children-open INFO:	Only scraped data for 18.06% of players in tournament 2021 shriners-hospitals-for-children-open
